{
  "stats": {
    "suites": 1,
    "tests": 6,
    "passes": 6,
    "pending": 0,
    "failures": 0,
    "start": "2024-08-16T23:49:20.837Z",
    "end": "2024-08-16T23:49:21.059Z",
    "duration": 222,
    "testsRegistered": 6,
    "passPercent": 100,
    "pendingPercent": 0,
    "other": 0,
    "hasOther": false,
    "skipped": 0,
    "hasSkipped": false
  },
  "results": [
    {
      "uuid": "4ca8251a-7e4b-4fc9-b0c4-c1405af63df2",
      "title": "",
      "fullFile": "cypress\\e2e\\books_api_corner_spec.cy.js",
      "file": "cypress\\e2e\\books_api_corner_spec.cy.js",
      "beforeHooks": [],
      "afterHooks": [],
      "tests": [],
      "suites": [
        {
          "uuid": "dddf4049-b34a-42bb-aa20-d1393a65b476",
          "title": "Books Collection API - Corner Tests",
          "fullFile": "",
          "file": "",
          "beforeHooks": [],
          "afterHooks": [],
          "tests": [
            {
              "title": "should return 400 when adding a book with an oversized title",
              "fullTitle": "Books Collection API - Corner Tests should return 400 when adding a book with an oversized title",
              "timedOut": null,
              "duration": 89,
              "state": "passed",
              "speed": "fast",
              "pass": true,
              "fail": false,
              "pending": false,
              "context": null,
              "code": "const oversizedTitle = 'A'.repeat(999); // Title exceeds typical length constraints\ncy.request({\n  method: 'POST',\n  url: '/books',\n  headers: {\n    'Authorization': `Bearer ${token}`\n  },\n  body: {\n    title: oversizedTitle,\n    author: 'Some Author',\n    year: 2024\n  },\n  failOnStatusCode: false\n}).then(response => {\n  expect(response.status).to.eq(400);\n  expect(response.body.errors).to.have.property('title', 'Title is required and should be a string with a maximum length of 255 characters.');\n});",
              "err": {},
              "uuid": "145c0792-3d7e-4f1a-a2ba-4766dbc45931",
              "parentUUID": "dddf4049-b34a-42bb-aa20-d1393a65b476",
              "isHook": false,
              "skipped": false
            },
            {
              "title": "should return 400 when adding a book with an oversized author name",
              "fullTitle": "Books Collection API - Corner Tests should return 400 when adding a book with an oversized author name",
              "timedOut": null,
              "duration": 14,
              "state": "passed",
              "speed": "fast",
              "pass": true,
              "fail": false,
              "pending": false,
              "context": null,
              "code": "const oversizedAuthor = 'B'.repeat(999); // Author name exceeds typical length constraints\ncy.request({\n  method: 'POST',\n  url: '/books',\n  headers: {\n    'Authorization': `Bearer ${token}`\n  },\n  body: {\n    title: 'Some Title',\n    author: oversizedAuthor,\n    year: 2024\n  },\n  failOnStatusCode: false\n}).then(response => {\n  expect(response.status).to.eq(400);\n  expect(response.body.errors).to.have.property('author', 'Author is required and should be a string with a maximum length of 255 characters.');\n});",
              "err": {},
              "uuid": "45b97f46-55a7-4289-af5d-c01d10990b44",
              "parentUUID": "dddf4049-b34a-42bb-aa20-d1393a65b476",
              "isHook": false,
              "skipped": false
            },
            {
              "title": "should return 400 when adding a book with a negative year",
              "fullTitle": "Books Collection API - Corner Tests should return 400 when adding a book with a negative year",
              "timedOut": null,
              "duration": 13,
              "state": "passed",
              "speed": "fast",
              "pass": true,
              "fail": false,
              "pending": false,
              "context": null,
              "code": "cy.request({\n  method: 'POST',\n  url: '/books',\n  headers: {\n    'Authorization': `Bearer ${token}`\n  },\n  body: {\n    title: 'Some Title',\n    author: 'Some Author',\n    year: -2024\n  },\n  failOnStatusCode: false\n}).then(response => {\n  expect(response.status).to.eq(400);\n  expect(response.body.errors).to.have.property('year', 'Year is required and should be a valid number between 0 and the current year.');\n});",
              "err": {},
              "uuid": "68f38a0a-35d4-490b-a1c3-485d94420af9",
              "parentUUID": "dddf4049-b34a-42bb-aa20-d1393a65b476",
              "isHook": false,
              "skipped": false
            },
            {
              "title": "should return 400 when adding a book with an extremely large year",
              "fullTitle": "Books Collection API - Corner Tests should return 400 when adding a book with an extremely large year",
              "timedOut": null,
              "duration": 11,
              "state": "passed",
              "speed": "fast",
              "pass": true,
              "fail": false,
              "pending": false,
              "context": null,
              "code": "cy.request({\n  method: 'POST',\n  url: '/books',\n  headers: {\n    'Authorization': `Bearer ${token}`\n  },\n  body: {\n    title: 'Some Title',\n    author: 'Some Author',\n    year: 999999\n  },\n  failOnStatusCode: false\n}).then(response => {\n  expect(response.status).to.eq(400);\n  expect(response.body.errors).to.have.property('year', 'Year is required and should be a valid number between 0 and the current year.');\n});",
              "err": {},
              "uuid": "2e44b983-287e-4353-9249-73391b27922d",
              "parentUUID": "dddf4049-b34a-42bb-aa20-d1393a65b476",
              "isHook": false,
              "skipped": false
            },
            {
              "title": "should return 400 when adding a book with an empty JSON object",
              "fullTitle": "Books Collection API - Corner Tests should return 400 when adding a book with an empty JSON object",
              "timedOut": null,
              "duration": 14,
              "state": "passed",
              "speed": "fast",
              "pass": true,
              "fail": false,
              "pending": false,
              "context": null,
              "code": "cy.request({\n  method: 'POST',\n  url: '/books',\n  headers: {\n    'Authorization': `Bearer ${token}`\n  },\n  body: {},\n  failOnStatusCode: false\n}).then(response => {\n  expect(response.status).to.eq(400);\n  expect(response.body).to.have.property('errors');\n  expect(response.body.errors).to.have.property('title', 'Title is required and should be a string with a maximum length of 255 characters.');\n  expect(response.body.errors).to.have.property('author', 'Author is required and should be a string with a maximum length of 255 characters.');\n  expect(response.body.errors).to.have.property('year', 'Year is required and should be a valid number between 0 and the current year.');\n});",
              "err": {},
              "uuid": "e0668839-9632-42aa-b04f-95483d2569fd",
              "parentUUID": "dddf4049-b34a-42bb-aa20-d1393a65b476",
              "isHook": false,
              "skipped": false
            },
            {
              "title": "should return 400 when updating a book with invalid fields",
              "fullTitle": "Books Collection API - Corner Tests should return 400 when updating a book with invalid fields",
              "timedOut": null,
              "duration": 13,
              "state": "passed",
              "speed": "fast",
              "pass": true,
              "fail": false,
              "pending": false,
              "context": null,
              "code": "const bookId = 1; // Adjust according to your mock data\ncy.request({\n  method: 'PUT',\n  url: `/books/${bookId}`,\n  headers: {\n    'Authorization': `Bearer ${token}`\n  },\n  body: {\n    title: 'Some Title',\n    author: 'Some Author',\n    year: 'invalidYear'\n  },\n  failOnStatusCode: false\n}).then(response => {\n  expect(response.status).to.eq(400);\n  expect(response.body.errors).to.have.property('year', 'Year should be a valid number between 0 and the current year.');\n});",
              "err": {},
              "uuid": "b1b50d7e-557b-4021-a16c-d7e70e57e90c",
              "parentUUID": "dddf4049-b34a-42bb-aa20-d1393a65b476",
              "isHook": false,
              "skipped": false
            }
          ],
          "suites": [],
          "passes": [
            "145c0792-3d7e-4f1a-a2ba-4766dbc45931",
            "45b97f46-55a7-4289-af5d-c01d10990b44",
            "68f38a0a-35d4-490b-a1c3-485d94420af9",
            "2e44b983-287e-4353-9249-73391b27922d",
            "e0668839-9632-42aa-b04f-95483d2569fd",
            "b1b50d7e-557b-4021-a16c-d7e70e57e90c"
          ],
          "failures": [],
          "pending": [],
          "skipped": [],
          "duration": 154,
          "root": false,
          "rootEmpty": false,
          "_timeout": 2000
        }
      ],
      "passes": [],
      "failures": [],
      "pending": [],
      "skipped": [],
      "duration": 0,
      "root": true,
      "rootEmpty": true,
      "_timeout": 2000
    }
  ],
  "meta": {
    "mocha": {
      "version": "7.0.1"
    },
    "mochawesome": {
      "options": {
        "quiet": false,
        "reportFilename": "mochawesome",
        "saveHtml": true,
        "saveJson": true,
        "consoleReporter": "spec",
        "useInlineDiffs": false,
        "code": true
      },
      "version": "7.1.3"
    },
    "marge": {
      "options": {
        "reportDir": "results/mocha",
        "overwrite": false,
        "html": true,
        "json": true
      },
      "version": "6.2.0"
    }
  }
}