{
  "stats": {
    "suites": 1,
    "tests": 2,
    "passes": 2,
    "pending": 0,
    "failures": 0,
    "start": "2024-08-16T22:57:27.609Z",
    "end": "2024-08-16T22:57:27.738Z",
    "duration": 129,
    "testsRegistered": 2,
    "passPercent": 100,
    "pendingPercent": 0,
    "other": 0,
    "hasOther": false,
    "skipped": 0,
    "hasSkipped": false
  },
  "results": [
    {
      "uuid": "000c2366-b2b5-4566-9de8-26ffe7fa7628",
      "title": "",
      "fullFile": "cypress\\e2e\\books_api_perf_spec.cy.js",
      "file": "cypress\\e2e\\books_api_perf_spec.cy.js",
      "beforeHooks": [],
      "afterHooks": [],
      "tests": [],
      "suites": [
        {
          "uuid": "882cb844-51d6-46e4-b305-1df3ea5e757e",
          "title": "Books Collection API - Performance Tests",
          "fullFile": "",
          "file": "",
          "beforeHooks": [],
          "afterHooks": [],
          "tests": [
            {
              "title": "should respond within 200ms when adding a book",
              "fullTitle": "Books Collection API - Performance Tests should respond within 200ms when adding a book",
              "timedOut": null,
              "duration": 85,
              "state": "passed",
              "speed": "fast",
              "pass": true,
              "fail": false,
              "pending": false,
              "context": null,
              "code": "const sampleBook = {\n  title: 'Performance Testing Book',\n  author: 'Test Author',\n  year: 2024\n};\nconst startTime = performance.now();\ncy.request({\n  method: 'POST',\n  url: '/books',\n  headers: {\n    'Authorization': `Bearer ${token}`\n  },\n  body: sampleBook,\n  failOnStatusCode: false\n}).then(response => {\n  const endTime = performance.now();\n  const duration = endTime - startTime;\n  expect(response.status).to.eq(201);\n  expect(duration).to.be.lessThan(200);\n});",
              "err": {},
              "uuid": "586166b2-874d-4602-bb36-b5ff1c395721",
              "parentUUID": "882cb844-51d6-46e4-b305-1df3ea5e757e",
              "isHook": false,
              "skipped": false
            },
            {
              "title": "should respond within 200ms when retrieving a book",
              "fullTitle": "Books Collection API - Performance Tests should respond within 200ms when retrieving a book",
              "timedOut": null,
              "duration": 13,
              "state": "passed",
              "speed": "fast",
              "pass": true,
              "fail": false,
              "pending": false,
              "context": null,
              "code": "const bookId = 1;\nconst startTime = performance.now();\ncy.request({\n  method: 'GET',\n  url: `/books/${bookId}`,\n  headers: {\n    'Authorization': `Bearer ${token}`\n  },\n  failOnStatusCode: false\n}).then(response => {\n  const endTime = performance.now();\n  const duration = endTime - startTime;\n  expect(response.status).to.eq(200);\n  expect(duration).to.be.lessThan(200);\n});",
              "err": {},
              "uuid": "d1df6b9a-2e71-4895-ac67-5bac2f7c3f0d",
              "parentUUID": "882cb844-51d6-46e4-b305-1df3ea5e757e",
              "isHook": false,
              "skipped": false
            }
          ],
          "suites": [],
          "passes": [
            "586166b2-874d-4602-bb36-b5ff1c395721",
            "d1df6b9a-2e71-4895-ac67-5bac2f7c3f0d"
          ],
          "failures": [],
          "pending": [],
          "skipped": [],
          "duration": 98,
          "root": false,
          "rootEmpty": false,
          "_timeout": 2000
        }
      ],
      "passes": [],
      "failures": [],
      "pending": [],
      "skipped": [],
      "duration": 0,
      "root": true,
      "rootEmpty": true,
      "_timeout": 2000
    }
  ],
  "meta": {
    "mocha": {
      "version": "7.0.1"
    },
    "mochawesome": {
      "options": {
        "quiet": false,
        "reportFilename": "mochawesome",
        "saveHtml": true,
        "saveJson": true,
        "consoleReporter": "spec",
        "useInlineDiffs": false,
        "code": true
      },
      "version": "7.1.3"
    },
    "marge": {
      "options": {
        "reportDir": "results/mocha",
        "overwrite": false,
        "html": true,
        "json": true
      },
      "version": "6.2.0"
    }
  }
}