{
  "stats": {
    "suites": 1,
    "tests": 6,
    "passes": 6,
    "pending": 0,
    "failures": 0,
    "start": "2024-08-16T23:49:26.867Z",
    "end": "2024-08-16T23:49:27.073Z",
    "duration": 206,
    "testsRegistered": 6,
    "passPercent": 100,
    "pendingPercent": 0,
    "other": 0,
    "hasOther": false,
    "skipped": 0,
    "hasSkipped": false
  },
  "results": [
    {
      "uuid": "51571cdc-3262-44a8-85d9-e089ef70ef4a",
      "title": "",
      "fullFile": "cypress\\e2e\\books_api_positive_spec.cy.js",
      "file": "cypress\\e2e\\books_api_positive_spec.cy.js",
      "beforeHooks": [],
      "afterHooks": [],
      "tests": [],
      "suites": [
        {
          "uuid": "2017d1e7-dd21-4e37-a59e-d605c68a32ca",
          "title": "Books Collection API - Postive Tests",
          "fullFile": "",
          "file": "",
          "beforeHooks": [],
          "afterHooks": [],
          "tests": [
            {
              "title": "should authenticate and return a JWT token",
              "fullTitle": "Books Collection API - Postive Tests should authenticate and return a JWT token",
              "timedOut": null,
              "duration": 77,
              "state": "passed",
              "speed": "fast",
              "pass": true,
              "fail": false,
              "pending": false,
              "context": null,
              "code": "cy.request('POST', '/login', {\n  username: 'testuser',\n  password: 'password'\n}).then(response => {\n  expect(response.status).to.eq(200);\n  expect(response.body).to.have.property('token');\n  token = response.body.token;\n});",
              "err": {},
              "uuid": "7c6d0c70-ac59-401c-93fe-5b2e15a8fa3f",
              "parentUUID": "2017d1e7-dd21-4e37-a59e-d605c68a32ca",
              "isHook": false,
              "skipped": false
            },
            {
              "title": "Should successfully get all books with valid token and JSON response format",
              "fullTitle": "Books Collection API - Postive Tests Should successfully get all books with valid token and JSON response format",
              "timedOut": null,
              "duration": 16,
              "state": "passed",
              "speed": "fast",
              "pass": true,
              "fail": false,
              "pending": false,
              "context": null,
              "code": "cy.request({\n  method: 'GET',\n  url: '/books',\n  headers: {\n    'Authorization': `Bearer ${token}`,\n    'Accept': 'application/json'\n  }\n}).then(response => {\n  expect(response.status).to.eq(200);\n  expect(response.headers['content-type']).to.include('application/json');\n  expect(response.body).to.be.an('array');\n  expect(response.body.length).to.be.greaterThan(0);\n});",
              "err": {},
              "uuid": "e332c6d1-bd3d-4408-bba8-cc187a93cfb6",
              "parentUUID": "2017d1e7-dd21-4e37-a59e-d605c68a32ca",
              "isHook": false,
              "skipped": false
            },
            {
              "title": "should GET a book by the given id",
              "fullTitle": "Books Collection API - Postive Tests should GET a book by the given id",
              "timedOut": null,
              "duration": 12,
              "state": "passed",
              "speed": "fast",
              "pass": true,
              "fail": false,
              "pending": false,
              "context": null,
              "code": "const bookId = 1;\ncy.request({\n  method: 'GET',\n  url: `/books/${bookId}`,\n  headers: {\n    'Authorization': `Bearer ${token}`\n  }\n}).then(response => {\n  expect(response.status).to.eq(200);\n  expect(response.body).to.have.property('id', bookId);\n});",
              "err": {},
              "uuid": "2bb65f71-7f3a-4dfc-bd83-250dff9ecf1d",
              "parentUUID": "2017d1e7-dd21-4e37-a59e-d605c68a32ca",
              "isHook": false,
              "skipped": false
            },
            {
              "title": "should POST a new book",
              "fullTitle": "Books Collection API - Postive Tests should POST a new book",
              "timedOut": null,
              "duration": 10,
              "state": "passed",
              "speed": "fast",
              "pass": true,
              "fail": false,
              "pending": false,
              "context": null,
              "code": "cy.request({\n  method: 'POST',\n  url: '/books',\n  headers: {\n    'Authorization': `Bearer ${token}`\n  },\n  body: {\n    title: 'New Book',\n    author: 'New Author',\n    year: 2024\n  }\n}).then(response => {\n  expect(response.status).to.eq(201);\n  expect(response.body).to.have.property('title', 'New Book');\n});",
              "err": {},
              "uuid": "718c7d34-0399-436f-9f96-3ee79709e3eb",
              "parentUUID": "2017d1e7-dd21-4e37-a59e-d605c68a32ca",
              "isHook": false,
              "skipped": false
            },
            {
              "title": "should UPDATE a book by the given id",
              "fullTitle": "Books Collection API - Postive Tests should UPDATE a book by the given id",
              "timedOut": null,
              "duration": 11,
              "state": "passed",
              "speed": "fast",
              "pass": true,
              "fail": false,
              "pending": false,
              "context": null,
              "code": "const bookId = 31;\ncy.request({\n  method: 'PUT',\n  url: `/books/${bookId}`,\n  headers: {\n    'Authorization': `Bearer ${token}`\n  },\n  body: {\n    title: 'Updated Book',\n    author: 'Updated Author',\n    year: 2024\n  }\n}).then(response => {\n  expect(response.status).to.eq(200);\n  expect(response.body).to.have.property('title', 'Updated Book');\n});",
              "err": {},
              "uuid": "70fd86ed-9c1b-4240-a3cd-5b2a312a7291",
              "parentUUID": "2017d1e7-dd21-4e37-a59e-d605c68a32ca",
              "isHook": false,
              "skipped": false
            },
            {
              "title": "should DELETE a book by the given id",
              "fullTitle": "Books Collection API - Postive Tests should DELETE a book by the given id",
              "timedOut": null,
              "duration": 10,
              "state": "passed",
              "speed": "fast",
              "pass": true,
              "fail": false,
              "pending": false,
              "context": null,
              "code": "const bookId = 31;\ncy.request({\n  method: 'DELETE',\n  url: `/books/${bookId}`,\n  headers: {\n    'Authorization': `Bearer ${token}`\n  }\n}).then(response => {\n  expect(response.status).to.eq(200);\n  expect(response.body).to.have.property('message', 'Book deleted successfully');\n});",
              "err": {},
              "uuid": "0b6d9d92-49f6-4990-9733-74c664c72142",
              "parentUUID": "2017d1e7-dd21-4e37-a59e-d605c68a32ca",
              "isHook": false,
              "skipped": false
            }
          ],
          "suites": [],
          "passes": [
            "7c6d0c70-ac59-401c-93fe-5b2e15a8fa3f",
            "e332c6d1-bd3d-4408-bba8-cc187a93cfb6",
            "2bb65f71-7f3a-4dfc-bd83-250dff9ecf1d",
            "718c7d34-0399-436f-9f96-3ee79709e3eb",
            "70fd86ed-9c1b-4240-a3cd-5b2a312a7291",
            "0b6d9d92-49f6-4990-9733-74c664c72142"
          ],
          "failures": [],
          "pending": [],
          "skipped": [],
          "duration": 136,
          "root": false,
          "rootEmpty": false,
          "_timeout": 2000
        }
      ],
      "passes": [],
      "failures": [],
      "pending": [],
      "skipped": [],
      "duration": 0,
      "root": true,
      "rootEmpty": true,
      "_timeout": 2000
    }
  ],
  "meta": {
    "mocha": {
      "version": "7.0.1"
    },
    "mochawesome": {
      "options": {
        "quiet": false,
        "reportFilename": "mochawesome",
        "saveHtml": true,
        "saveJson": true,
        "consoleReporter": "spec",
        "useInlineDiffs": false,
        "code": true
      },
      "version": "7.1.3"
    },
    "marge": {
      "options": {
        "reportDir": "results/mocha",
        "overwrite": false,
        "html": true,
        "json": true
      },
      "version": "6.2.0"
    }
  }
}