{
  "stats": {
    "suites": 1,
    "tests": 4,
    "passes": 0,
    "pending": 0,
    "failures": 4,
    "start": "2024-08-16T22:57:31.658Z",
    "end": "2024-08-16T22:57:32.549Z",
    "duration": 891,
    "testsRegistered": 4,
    "passPercent": 0,
    "pendingPercent": 0,
    "other": 0,
    "hasOther": false,
    "skipped": 0,
    "hasSkipped": false
  },
  "results": [
    {
      "uuid": "065df249-2088-45ce-b3f4-9da01e1d97d9",
      "title": "",
      "fullFile": "cypress\\e2e\\books_api_security_spec.cy.js",
      "file": "cypress\\e2e\\books_api_security_spec.cy.js",
      "beforeHooks": [],
      "afterHooks": [],
      "tests": [],
      "suites": [
        {
          "uuid": "760f91a9-2f85-43dc-874f-a76f51bf861d",
          "title": "Books API - Security Tests",
          "fullFile": "",
          "file": "",
          "beforeHooks": [],
          "afterHooks": [],
          "tests": [
            {
              "title": "should not be vulnerable to SQL Injection when adding a book",
              "fullTitle": "Books API - Security Tests should not be vulnerable to SQL Injection when adding a book",
              "timedOut": null,
              "duration": 267,
              "state": "failed",
              "speed": null,
              "pass": false,
              "fail": true,
              "pending": false,
              "context": null,
              "code": "const sqlInjectionPayload = {\n  title: \"' OR '1'='1\",\n  author: \"Test Author\",\n  year: 2024\n};\ncy.request({\n  method: 'POST',\n  url: '/books',\n  headers: {\n    'Authorization': `Bearer ${token}`\n  },\n  body: sqlInjectionPayload,\n  failOnStatusCode: false\n}).then(response => {\n  expect(response.status).to.eq(400); // Expecting a validation error or failure\n  expect(response.body.errors).to.have.property('title').and.to.match(/invalid/); // Adjust as needed\n});",
              "err": {
                "message": "AssertionError: expected 201 to equal 400",
                "estack": "AssertionError: expected 201 to equal 400\n    at Context.eval (webpack:///./cypress/e2e/books_api_security_spec.cy.js:31:39)",
                "diff": "- 201\n+ 400\n"
              },
              "uuid": "f79833cb-2935-4532-9a1a-37c3e20ca6f3",
              "parentUUID": "760f91a9-2f85-43dc-874f-a76f51bf861d",
              "isHook": false,
              "skipped": false
            },
            {
              "title": "should not be vulnerable to SQL Injection when updating a book",
              "fullTitle": "Books API - Security Tests should not be vulnerable to SQL Injection when updating a book",
              "timedOut": null,
              "duration": 211,
              "state": "failed",
              "speed": null,
              "pass": false,
              "fail": true,
              "pending": false,
              "context": null,
              "code": "const bookId = 1;\nconst sqlInjectionPayload = {\n  title: \"' OR '1'='1\",\n  author: \"Test Author\",\n  year: 2024\n};\ncy.request({\n  method: 'PUT',\n  url: `/books/${bookId}`,\n  headers: {\n    'Authorization': `Bearer ${token}`\n  },\n  body: sqlInjectionPayload,\n  failOnStatusCode: false\n}).then(response => {\n  expect(response.status).to.eq(400);\n  expect(response.body.errors).to.have.property('title').and.to.match(/invalid/);\n});",
              "err": {
                "message": "AssertionError: expected 200 to equal 400",
                "estack": "AssertionError: expected 200 to equal 400\n    at Context.eval (webpack:///./cypress/e2e/books_api_security_spec.cy.js:53:39)",
                "diff": "- 200\n+ 400\n"
              },
              "uuid": "b4f3c8cc-157b-4eb4-a0bd-868238b97b94",
              "parentUUID": "760f91a9-2f85-43dc-874f-a76f51bf861d",
              "isHook": false,
              "skipped": false
            },
            {
              "title": "should not be vulnerable to XSS when adding a book",
              "fullTitle": "Books API - Security Tests should not be vulnerable to XSS when adding a book",
              "timedOut": null,
              "duration": 154,
              "state": "failed",
              "speed": null,
              "pass": false,
              "fail": true,
              "pending": false,
              "context": null,
              "code": "const xssPayload = {\n  title: \"<script>alert('XSS')</script>\",\n  author: \"Test Author\",\n  year: 2024\n};\ncy.request({\n  method: 'POST',\n  url: '/books',\n  headers: {\n    'Authorization': `Bearer ${token}`\n  },\n  body: xssPayload,\n  failOnStatusCode: false\n}).then(response => {\n  expect(response.status).to.eq(400);\n  expect(response.body.errors).to.have.property('title').and.to.match(/invalid/);\n});",
              "err": {
                "message": "AssertionError: expected 201 to equal 400",
                "estack": "AssertionError: expected 201 to equal 400\n    at Context.eval (webpack:///./cypress/e2e/books_api_security_spec.cy.js:73:39)",
                "diff": "- 201\n+ 400\n"
              },
              "uuid": "3f81fb40-4e7f-4ebd-82d1-030c09a48901",
              "parentUUID": "760f91a9-2f85-43dc-874f-a76f51bf861d",
              "isHook": false,
              "skipped": false
            },
            {
              "title": "should not be vulnerable to XSS when updating a book",
              "fullTitle": "Books API - Security Tests should not be vulnerable to XSS when updating a book",
              "timedOut": null,
              "duration": 143,
              "state": "failed",
              "speed": null,
              "pass": false,
              "fail": true,
              "pending": false,
              "context": null,
              "code": "const bookId = 1;\nconst xssPayload = {\n  title: \"<script>alert('XSS')</script>\",\n  author: \"Test Author\",\n  year: 2024\n};\ncy.request({\n  method: 'PUT',\n  url: `/books/${bookId}`,\n  headers: {\n    'Authorization': `Bearer ${token}`\n  },\n  body: xssPayload,\n  failOnStatusCode: false\n}).then(response => {\n  expect(response.status).to.eq(400);\n  expect(response.body.errors).to.have.property('title').and.to.match(/invalid/);\n});",
              "err": {
                "message": "AssertionError: expected 200 to equal 400",
                "estack": "AssertionError: expected 200 to equal 400\n    at Context.eval (webpack:///./cypress/e2e/books_api_security_spec.cy.js:95:39)",
                "diff": "- 200\n+ 400\n"
              },
              "uuid": "a5bb5786-e9e0-486c-a611-1027fad1746f",
              "parentUUID": "760f91a9-2f85-43dc-874f-a76f51bf861d",
              "isHook": false,
              "skipped": false
            }
          ],
          "suites": [],
          "passes": [],
          "failures": [
            "f79833cb-2935-4532-9a1a-37c3e20ca6f3",
            "b4f3c8cc-157b-4eb4-a0bd-868238b97b94",
            "3f81fb40-4e7f-4ebd-82d1-030c09a48901",
            "a5bb5786-e9e0-486c-a611-1027fad1746f"
          ],
          "pending": [],
          "skipped": [],
          "duration": 775,
          "root": false,
          "rootEmpty": false,
          "_timeout": 2000
        }
      ],
      "passes": [],
      "failures": [],
      "pending": [],
      "skipped": [],
      "duration": 0,
      "root": true,
      "rootEmpty": true,
      "_timeout": 2000
    }
  ],
  "meta": {
    "mocha": {
      "version": "7.0.1"
    },
    "mochawesome": {
      "options": {
        "quiet": false,
        "reportFilename": "mochawesome",
        "saveHtml": true,
        "saveJson": true,
        "consoleReporter": "spec",
        "useInlineDiffs": false,
        "code": true
      },
      "version": "7.1.3"
    },
    "marge": {
      "options": {
        "reportDir": "results/mocha",
        "overwrite": false,
        "html": true,
        "json": true
      },
      "version": "6.2.0"
    }
  }
}